./instancias/rectas/r5.arq ./instancias/rectas/r5.tiro 0
instancias/cubicas/cb2.arq instancias/cubicas/cb2.tiro 1
instancias/rectas/r2.arq instancias/rectas/r2.tiro 1
instancias/rectas/r3.arq instancias/rectas/r3.tiro 0
instancias/rectas/r3.arq instancias/rectas/r3.tiro 0
instancias/rectas/r3.arq instancias/rectas/r3.tiro 0
instancias/rectas/r3.arq instancias/rectas/r3.tiro 0
instancias/rectas/r3.arq instancias/rectas/r3.tiro 0
instancias/rectas/r3.arq instancias/rectas/r3.tiro 1
instancias/rectas/r3.arq instancias/rectas/r3.tiro 0
instancias/rectas/r3.arq instancias/rectas/r3.tiro 0
instancias/rectas/r3.arq instancias/rectas/r3.tiro 0
instancias/cubicas/cb2.arq instancias/cubicas/cb2.tiro 1
instancias/rectas/r3.arq instancias/rectas/r3.tiro 0
instancias/rectas/r4.arq instancias/rectas/r4.tiro 0
instancias/rectas/r4.arq instancias/rectas/r4.tiro 1
instancias/cubicas/cb2.arq instancias/cubicas/cb2.tiro 1
instancias/cubicas/cb4.arq instancias/cubicas/cb4.tiro 0
instancias/cubicas/cb4.arq instancias/cubicas/cb4.tiro 0
instancias/cubicas/cb4.arq instancias/cubicas/cb4.tiro 0
instancias/cubicas/cb4.arq instancias/cubicas/cb4.tiro 0
instancias/cubicas/cb4.arq instancias/cubicas/cb4.tiro 0
instancias/cubicas/cb4.arq instancias/cubicas/cb4.tiro 0
instancias/cubicas/cb4.arq instancias/cubicas/cb4.tiro 1
instancias/cubicas/cb2.arq instancias/cubicas/cb2.tiro 1
instancias/rectas/r3.arq instancias/rectas/r3.tiro 0
instancias/rectas/r3.arq instancias/rectas/r3.tiro 0
instancias/rectas/r3.arq instancias/rectas/r3.tiro 0
instancias/rectas/r3.arq instancias/rectas/r3.tiro 0
instancias/rectas/r3.arq instancias/rectas/r3.tiro 0
instancias/rectas/r3.arq instancias/rectas/r3.tiro 0
instancias/rectas/r3.arq instancias/rectas/r3.tiro 0
instancias/rectas/r3.arq instancias/rectas/r3.tiro 0
instancias/rectas/r3.arq instancias/rectas/r3.tiro 0
instancias/rectas/r3.arq instancias/rectas/r3.tiro 0
instancias/rectas/r3.arq instancias/rectas/r3.tiro 0
instancias/rectas/r3.arq instancias/rectas/r3.tiro 0
instancias/rectas/r3.arq instancias/rectas/r3.tiro 1
instancias/rectas/r3.arq instancias/rectas/r3.tiro 0
instancias/rectas/r3.arq instancias/rectas/r3.tiro 0
instancias/rectas/r3.arq instancias/rectas/r3.tiro 0
instancias/rectas/r3.arq instancias/rectas/r3.tiro 0
instancias/rectas/r3.arq instancias/rectas/r3.tiro 0
instancias/rectas/r3.arq instancias/rectas/r3.tiro 0
instancias/rectas/r3.arq instancias/rectas/r3.tiro 0
instancias/rectas/r3.arq instancias/rectas/r3.tiro 1
instancias/rectas/r3.arq instancias/rectas/r3.tiro 0
instancias/rectas/r3.arq instancias/rectas/r3.tiro 0
instancias/rectas/r3.arq instancias/rectas/r3.tiro 0
instancias/rectas/r3.arq instancias/rectas/r3.tiro 1
instancias/cubicas/cb4.arq instancias/cubicas/cb4.tiro 0
instancias/cubicas/cb4.arq instancias/cubicas/cb4.tiro 1
instancias/rectas/r3.arq instancias/rectas/r3.tiro 0
instancias/rectas/r3.arq instancias/rectas/r3.tiro 0
instancias/cubicas/cb2.arq instancias/cubicas/cb2.tiro 1
instancias/cubicas/cb5.arq instancias/cubicas/cb5.tiro 0
instancias/cubicas/cb1.arq instancias/cubicas/cb1.tiro 1
instancias/cubicas/cb3.arq instancias/cubicas/cb3.tiro 0
instancias/cubicas/cb3.arq instancias/cubicas/cb3.tiro 0
instancias/cubicas/cb3.arq instancias/cubicas/cb3.tiro 0
instancias/rectas/r3.arq instancias/rectas/r3.tiro 0
instancias/rectas/r3.arq instancias/rectas/r3.tiro 0
instancias/rectas/r3.arq instancias/rectas/r3.tiro 0
instancias/rectas/r3.arq instancias/rectas/r3.tiro 0
instancias/rectas/r3.arq instancias/rectas/r3.tiro 0
instancias/rectas/r3.arq instancias/rectas/r3.tiro 0
instancias/rectas/r3.arq instancias/rectas/r3.tiro 0
instancias/rectas/r3.arq instancias/rectas/r3.tiro 1
instancias/rectas/r3.arq instancias/rectas/r3.tiro 0
instancias/rectas/r3.arq instancias/rectas/r3.tiro 0
instancias/rectas/r3.arq instancias/rectas/r3.tiro 1
instancias/cubicas/cb3.arq instancias/cubicas/cb3.tiro 1
instancias/cubicas/cb4.arq instancias/cubicas/cb4.tiro 0
instancias/cubicas/cb4.arq instancias/cubicas/cb4.tiro 0
instancias/cubicas/cb1.arq instancias/cubicas/cb1.tiro 1
instancias/cubicas/cb3.arq instancias/cubicas/cb3.tiro 1
instancias/cubicas/cb2.arq instancias/cubicas/cb2.tiro 0
instancias/cubicas/cb5.arq instancias/cubicas/cb5.tiro 1
instancias/cuadraticas/c5.arq instancias/cuadraticas/c5.tiro 1
instancias/cuadraticas/c2.arq instancias/cuadraticas/c2.tiro 1
instancias/rectas/r4.arq instancias/rectas/r4.tiro 0
instancias/rectas/r5.arq instancias/rectas/r5.tiro 1
instancias/rectas/r4.arq instancias/rectas/r4.tiro 0
instancias/rectas/r4.arq instancias/rectas/r4.tiro 0
instancias/cuadraticas/c2.arq instancias/cuadraticas/c2.tiro 1
instancias/cubicas/cb2.arq instancias/cubicas/cb2.tiro 0
instancias/cubicas/cb2.arq instancias/cubicas/cb2.tiro 0
instancias/cubicas/cb2.arq instancias/cubicas/cb2.tiro 0
instancias/cubicas/cb3.arq instancias/cubicas/cb3.tiro 1
instancias/cuadraticas/c5.arq instancias/cuadraticas/c5.tiro 1
instancias/rectas/r4.arq instancias/rectas/r4.tiro 0
instancias/rectas/r4.arq instancias/rectas/r4.tiro 0
instancias/rectas/r4.arq instancias/rectas/r4.tiro 0
instancias/rectas/r4.arq instancias/rectas/r4.tiro 0
instancias/cuadraticas/c5.arq instancias/cuadraticas/c5.tiro 0
instancias/cuadraticas/c5.arq instancias/cuadraticas/c5.tiro 1
instancias/rectas/r4.arq instancias/rectas/r4.tiro 0
instancias/rectas/r4.arq instancias/rectas/r4.tiro 0
instancias/rectas/r4.arq instancias/rectas/r4.tiro 0
instancias/rectas/r4.arq instancias/rectas/r4.tiro 0
instancias/rectas/r4.arq instancias/rectas/r4.tiro 0
instancias/rectas/r4.arq instancias/rectas/r4.tiro 0
instancias/rectas/r4.arq instancias/rectas/r4.tiro 0
instancias/cuadraticas/c2.arq instancias/cuadraticas/c2.tiro 1
instancias/cuadraticas/c5.arq instancias/cuadraticas/c5.tiro 0
instancias/cuadraticas/c5.arq instancias/cuadraticas/c5.tiro 0
instancias/cuadraticas/c2.arq instancias/cuadraticas/c2.tiro 1
instancias/cuadraticas/c2.arq instancias/cuadraticas/c2.tiro 0
instancias/cuadraticas/c2.arq instancias/cuadraticas/c2.tiro 1
instancias/cuadraticas/c5.arq instancias/cuadraticas/c5.tiro 0
instancias/cuadraticas/c5.arq instancias/cuadraticas/c5.tiro 1
instancias/cuadraticas/c2.arq instancias/cuadraticas/c2.tiro 1
instancias/cuadraticas/c3.arq instancias/cuadraticas/c3.tiro 0
instancias/cuadraticas/c1.arq instancias/cuadraticas/c1.tiro 0
instancias/cuadraticas/c1.arq instancias/cuadraticas/c1.tiro 0
instancias/cuadraticas/c1.arq instancias/cuadraticas/c1.tiro 0
instancias/cuadraticas/c1.arq instancias/cuadraticas/c1.tiro 0
instancias/cuadraticas/c1.arq instancias/cuadraticas/c1.tiro 0
instancias/cuadraticas/c1.arq instancias/cuadraticas/c1.tiro 0
instancias/cuadraticas/c1.arq instancias/cuadraticas/c1.tiro 0
instancias/cuadraticas/c1.arq instancias/cuadraticas/c1.tiro 0
instancias/cuadraticas/c1.arq instancias/cuadraticas/c1.tiro 0
instancias/cuadraticas/c1.arq instancias/cuadraticas/c1.tiro 0
instancias/cuadraticas/c1.arq instancias/cuadraticas/c1.tiro 0
instancias/cuadraticas/c1.arq instancias/cuadraticas/c1.tiro 0
instancias/cuadraticas/c1.arq instancias/cuadraticas/c1.tiro 0
instancias/cuadraticas/c1.arq instancias/cuadraticas/c1.tiro 0
instancias/cuadraticas/c2.arq instancias/cuadraticas/c2.tiro 1
instancias/rectas/r4.arq instancias/rectas/r4.tiro 0
instancias/rectas/r4.arq instancias/rectas/r4.tiro 0
instancias/rectas/r4.arq instancias/rectas/r4.tiro 0
instancias/rectas/r4.arq instancias/rectas/r4.tiro 0
instancias/rectas/r4.arq instancias/rectas/r4.tiro 0
instancias/rectas/r4.arq instancias/rectas/r4.tiro 0
instancias/rectas/r1.arq instancias/rectas/r1.tiro 1
instancias/rectas/r2.arq instancias/rectas/r2.tiro 1
instancias/rectas/r3.arq instancias/rectas/r3.tiro 1
instancias/rectas/r5.arq instancias/rectas/r5.tiro 1
instancias/cubicas/cb2.arq instancias/cubicas/cb2.tiro 0
instancias/cubicas/cb1.arq instancias/cubicas/cb1.tiro 1
instancias/cubicas/cb5.arq instancias/cubicas/cb5.tiro 1
instancias/cubicas/cb4.arq instancias/cubicas/cb4.tiro 0
instancias/cubicas/cb3.arq instancias/cubicas/cb3.tiro 0
instancias/cubicas/cb3.arq instancias/cubicas/cb3.tiro 0
instancias/rectas/r5.arq instancias/rectas/r5.tiro 1
instancias/rectas/r4.arq instancias/rectas/r4.tiro 0
instancias/rectas/r4.arq instancias/rectas/r4.tiro 0
instancias/rectas/r5.arq instancias/rectas/r5.tiro 1
instancias/cubicas/cb4.arq instancias/cubicas/cb4.tiro 0
instancias/cubicas/cb4.arq instancias/cubicas/cb4.tiro 0
instancias/cubicas/cb4.arq instancias/cubicas/cb4.tiro 0
instancias/cubicas/cb4.arq instancias/cubicas/cb4.tiro 0
instancias/cubicas/cb4.arq instancias/cubicas/cb4.tiro 0
instancias/cubicas/cb3.arq instancias/cubicas/cb3.tiro 0
instancias/cubicas/cb3.arq instancias/cubicas/cb3.tiro 0
instancias/cubicas/cb3.arq instancias/cubicas/cb3.tiro 0
instancias/cubicas/cb3.arq instancias/cubicas/cb3.tiro 1
instancias/cubicas/cb4.arq instancias/cubicas/cb4.tiro 0
instancias/cubicas/cb4.arq instancias/cubicas/cb4.tiro 0
instancias/cubicas/cb3.arq instancias/cubicas/cb3.tiro 1
instancias/cubicas/cb4.arq instancias/cubicas/cb4.tiro 0
instancias/rectas/r4.arq instancias/rectas/r4.tiro 0
instancias/rectas/r5.arq instancias/rectas/r5.tiro 1
instancias/cubicas/cb1.arq instancias/cubicas/cb1.tiro 1
instancias/cubicas/cb2.arq instancias/cubicas/cb2.tiro 0
instancias/cuadraticas/c3.arq instancias/cuadraticas/c3.tiro 0
instancias/cuadraticas/c3.arq instancias/cuadraticas/c3.tiro 0
instancias/cuadraticas/c1.arq instancias/cuadraticas/c1.tiro 0
instancias/cuadraticas/c5.arq instancias/cuadraticas/c5.tiro 1
instancias/rectas/r1.arq instancias/rectas/r1.tiro 1
instancias2/cbp30.arq instancias2/cbp30.tiro 1
instancias2/cbp70.arq instancias2/cbp70.tiro 0
instancias2/cp70.arq instancias2/cp70.tiro 1
instancias2/cp30.arq instancias2/cp30.tiro 0
instancias2/cp70.arq instancias2/cp70.tiro 1
instancias2/f2p90.arq instancias2/f2p90.tiro 1
instancias2/fp30.arq instancias2/fp30.tiro 0
instancias2/fp70.arq instancias2/fp70.tiro 0
instancias2/rp70.arq instancias2/rp70.tiro 1
instancias2/f2p90.arq instancias2/f2p90.tiro 1
instancias2/fp30.arq instancias2/fp30.tiro 0
instancias2/fp30.arq instancias2/fp30.tiro 0
instancias2/fp30.arq instancias2/fp30.tiro 0
instancias2/fp30.arq instancias2/fp30.tiro 0
instancias2/fp30.arq instancias2/fp30.tiro 0
instancias2/fp30.arq instancias2/fp30.tiro 0
instancias2/fp30.arq instancias2/fp30.tiro 0
instancias2/fp30.arq instancias2/fp30.tiro 0
instancias2/fp30.arq instancias2/fp30.tiro 0
instancias2/cbp30.arq instancias2/cbp30.tiro 1
instancias2/cbp70.arq instancias2/cbp70.tiro 0
instancias2/cbp70.arq instancias2/cbp70.tiro 0
instancias2/cbp70.arq instancias2/cbp70.tiro 0
instancias2/cbp30.arq instancias2/cbp30.tiro 1
instancias2/fp30.arq instancias2/fp30.tiro 0
instancias2/cbp70.arq instancias2/cbp70.tiro 1
instancias2/fp30.arq instancias2/fp30.tiro 0
instancias2/fp30.arq instancias2/fp30.tiro 0
instancias2/cbp70.arq instancias2/cbp70.tiro 0
instancias2/cbp70.arq instancias2/cbp70.tiro 1
instancias2/fp30.arq instancias2/fp30.tiro 0
instancias/cubicas/cb3.arq instancias/cubicas/cb3.tiro 0
instancias/cubicas/cb3.arq instancias/cubicas/cb3.tiro 0
instancias/cubicas/cb5.arq instancias/cubicas/cb5.tiro 1
instancias/cubicas/cb1.arq instancias/cubicas/cb1.tiro 1
instancias/cubicas/cb4.arq instancias/cubicas/cb4.tiro 1
instancias/cubicas/cb2.arq instancias/cubicas/cb2.tiro 1
instancias/cuadraticas/c3.arq instancias/cuadraticas/c3.tiro 0
instancias/cuadraticas/c1.arq instancias/cuadraticas/c1.tiro 0
instancias/cuadraticas/c4.arq instancias/cuadraticas/c4.tiro 0
instancias/cuadraticas/c4.arq instancias/cuadraticas/c4.tiro 0
instancias/rectas/r2.arq instancias/rectas/r2.tiro 1
instancias/rectas/r3.arq instancias/rectas/r3.tiro 0
instancias/rectas/r1.arq instancias/rectas/r1.tiro 1
instancias/rectas/r5.arq instancias/rectas/r5.tiro 1
instancias/rectas/r5.arq instancias/rectas/r5.tiro 1
instancias/rectas/r1.arq instancias/rectas/r1.tiro 1
instancias/rectas/r2.arq instancias/rectas/r2.tiro 1
instancias/rectas/r3.arq instancias/rectas/r3.tiro 0
instancias/rectas/r3.arq instancias/rectas/r3.tiro 0
instancias/rectas/r2.arq instancias/rectas/r2.tiro 1
instancias/rectas/r1.arq instancias/rectas/r1.tiro 1
instancias/cuadraticas/c4.arq instancias/cuadraticas/c4.tiro 0
instancias/cuadraticas/c1.arq instancias/cuadraticas/c1.tiro 0
instancias/cubicas/cb4.arq instancias/cubicas/cb4.tiro 0
instancias/cubicas/cb4.arq instancias/cubicas/cb4.tiro 1
instancias/cubicas/cb3.arq instancias/cubicas/cb3.tiro 0
instancias/cubicas/cb3.arq instancias/cubicas/cb3.tiro 0
instancias/cubicas/cb2.arq instancias/cubicas/cb2.tiro 1
instancias/cubicas/cb2.arq instancias/cubicas/cb2.tiro 1
instancias2/cbp70.arq instancias2/cbp70.tiro 1
instancias2/fp30.arq instancias2/fp30.tiro 0
instancias2/cbp30.arq instancias2/cbp30.tiro 0
instancias2/cbp30.arq instancias2/cbp30.tiro 1
instancias/rectas/r3.arq instancias/rectas/r3.tiro 0
instancias/rectas/r1.arq instancias/rectas/r1.tiro 1
instancias/rectas/r5.arq instancias/rectas/r5.tiro 1
instancias/rectas/r2.arq instancias/rectas/r2.tiro 1
instancias/rectas/r2.arq instancias/rectas/r2.tiro 1
instancias/rectas/r1.arq instancias/rectas/r1.tiro 1
instancias/rectas/r3.arq instancias/rectas/r3.tiro 0
instancias/rectas/r3.arq instancias/rectas/r3.tiro 0
instancias/rectas/r3.arq instancias/rectas/r3.tiro 0
instancias/rectas/r3.arq instancias/rectas/r3.tiro 0
instancias/rectas/r3.arq instancias/rectas/r3.tiro 1
instancias/rectas/r1.arq instancias/rectas/r1.tiro 1
instancias/rectas/r2.arq instancias/rectas/r2.tiro 1
instancias/rectas/r4.arq instancias/rectas/r4.tiro 0
instancias/rectas/r4.arq instancias/rectas/r4.tiro 0
instancias/rectas/r4.arq instancias/rectas/r4.tiro 0
instancias/rectas/r4.arq instancias/rectas/r4.tiro 0
instancias/rectas/r4.arq instancias/rectas/r4.tiro 0
instancias/rectas/r1.arq instancias/rectas/r1.tiro 1
instancias/rectas/r2.arq instancias/rectas/r2.tiro 1
instancias/rectas/r3.arq instancias/rectas/r3.tiro 0
instancias/rectas/r3.arq instancias/rectas/r3.tiro 0
instancias/rectas/r3.arq instancias/rectas/r3.tiro 0
instancias/rectas/r2.arq instancias/rectas/r2.tiro 0
instancias/rectas/r2.arq instancias/rectas/r2.tiro 1
instancias/rectas/r3.arq instancias/rectas/r3.tiro 0
instancias/rectas/r4.arq instancias/rectas/r4.tiro 0
instancias/rectas/r4.arq instancias/rectas/r4.tiro 0
instancias/rectas/r4.arq instancias/rectas/r4.tiro 0
instancias/rectas/r3.arq instancias/rectas/r3.tiro 0
instancias/rectas/r2.arq instancias/rectas/r2.tiro 1
instancias/rectas/r1.arq instancias/rectas/r1.tiro 1
instancias/rectas/r5.arq instancias/rectas/r5.tiro 1
instancias/rectas/r3.arq instancias/rectas/r3.tiro 0
instancias/rectas/r3.arq instancias/rectas/r3.tiro 0
instancias/rectas/r3.arq instancias/rectas/r3.tiro 1
instancias/rectas/r5.arq instancias/rectas/r5.tiro 1
instancias/rectas/r4.arq instancias/rectas/r4.tiro 0
instancias/rectas/r1.arq instancias/rectas/r1.tiro 1
instancias/rectas/r2.arq instancias/rectas/r2.tiro 1
instancias/cubicas/cb2.arq instancias/cubicas/cb2.tiro 1
instancias/cubicas/cb1.arq instancias/cubicas/cb1.tiro 1
instancias/cubicas/cb3.arq instancias/cubicas/cb3.tiro 1
instancias/cubicas/cb4.arq instancias/cubicas/cb4.tiro 1
instancias/cubicas/cb5.arq instancias/cubicas/cb5.tiro 1
instancias/cuadraticas/c1.arq instancias/cuadraticas/c1.tiro 0
instancias/cuadraticas/c2.arq instancias/cuadraticas/c2.tiro 0
instancias/cuadraticas/c3.arq instancias/cuadraticas/c3.tiro 0
instancias/cuadraticas/c3.arq instancias/cuadraticas/c3.tiro 0
instancias/cuadraticas/c3.arq instancias/cuadraticas/c3.tiro 0
instancias/cuadraticas/c2.arq instancias/cuadraticas/c2.tiro 1
instancias/cuadraticas/c1.arq instancias/cuadraticas/c1.tiro 0
instancias/cuadraticas/c4.arq instancias/cuadraticas/c4.tiro 0
instancias/cuadraticas/c4.arq instancias/cuadraticas/c4.tiro 0
instancias/cuadraticas/c4.arq instancias/cuadraticas/c4.tiro 0
instancias/cuadraticas/c4.arq instancias/cuadraticas/c4.tiro 1
instancias/cuadraticas/c1.arq instancias/cuadraticas/c1.tiro 0
instancias/cuadraticas/c2.arq instancias/cuadraticas/c2.tiro 0
instancias/cuadraticas/c2.arq instancias/cuadraticas/c2.tiro 0
instancias/cubicas/cb2.arq instancias/cubicas/cb2.tiro 1
instancias/rectas/r3.arq instancias/rectas/r3.tiro 0
instancias/rectas/r4.arq instancias/rectas/r4.tiro 0
instancias/rectas/r4.arq instancias/rectas/r4.tiro 0
instancias/rectas/r3.arq instancias/rectas/r3.tiro 0
instancias/rectas/r1.arq instancias/rectas/r1.tiro 1
instancias/rectas/r2.arq instancias/rectas/r2.tiro 1
instancias/rectas/r3.arq instancias/rectas/r3.tiro 0
instancias/rectas/r3.arq instancias/rectas/r3.tiro 0
instancias/cubicas/cb1.arq instancias/cubicas/cb1.tiro 1
instancias/cuadraticas/c4.arq instancias/cuadraticas/c4.tiro 1
instancias/cuadraticas/c1.arq instancias/cuadraticas/c1.tiro 0
instancias/cuadraticas/c5.arq instancias/cuadraticas/c5.tiro 1
instancias/rectas/r4.arq instancias/rectas/r4.tiro 0
instancias/rectas/r3.arq instancias/rectas/r3.tiro 0
instancias/rectas/r2.arq instancias/rectas/r2.tiro 1
instancias/rectas/r5.arq instancias/rectas/r5.tiro 1
instancias/cuadraticas/c4.arq instancias/cuadraticas/c4.tiro 1
instancias/cuadraticas/c4.arq instancias/cuadraticas/c4.tiro 1
instancias/cuadraticas/c3.arq instancias/cuadraticas/c3.tiro 0
instancias/cuadraticas/c3.arq instancias/cuadraticas/c3.tiro 0
instancias/cuadraticas/c2.arq instancias/cuadraticas/c2.tiro 0
instancias/cuadraticas/c1.arq instancias/cuadraticas/c1.tiro 0
instancias/cubicas/cb1.arq instancias/cubicas/cb1.tiro 1
instancias/cubicas/cb2.arq instancias/cubicas/cb2.tiro 1
instancias/cubicas/cb3.arq instancias/cubicas/cb3.tiro 0
instancias/cubicas/cb4.arq instancias/cubicas/cb4.tiro 0
instancias/cubicas/cb5.arq instancias/cubicas/cb5.tiro 0
instancias/cubicas/cb4.arq instancias/cubicas/cb4.tiro 0
instancias/cubicas/cb5.arq instancias/cubicas/cb5.tiro 0
instancias/rectas/r5.arq instancias/rectas/r5.tiro 1
instancias/rectas/r5.arq instancias/rectas/r5.tiro 1
instancias/cuadraticas/c4.arq instancias/cuadraticas/c4.tiro 1
instancias/cuadraticas/c2.arq instancias/cuadraticas/c2.tiro 0
instancias/cuadraticas/c2.arq instancias/cuadraticas/c2.tiro 1
instancias/cuadraticas/c4.arq instancias/cuadraticas/c4.tiro 1
instancias/cuadraticas/c4.arq instancias/cuadraticas/c4.tiro 1
instancias/cuadraticas/c2.arq instancias/cuadraticas/c2.tiro 0
instancias/cuadraticas/c2.arq instancias/cuadraticas/c2.tiro 1
instancias/cuadraticas/c5.arq instancias/cuadraticas/c5.tiro 1
instancias/cubicas/cb4.arq instancias/cubicas/cb4.tiro 1
instancias/rectas/r5.arq instancias/rectas/r5.tiro 1
instancias/cuadraticas/c3.arq instancias/cuadraticas/c3.tiro 0
instancias/cuadraticas/c1.arq instancias/cuadraticas/c1.tiro 0
instancias/cuadraticas/c4.arq instancias/cuadraticas/c4.tiro 1
instancias/cubicas/cb4.arq instancias/cubicas/cb4.tiro 1
instancias/fancy/tirolibre1.arq instancias/fancy/tirolibre1.tiro 0
instancias/fancy/tirolibre1.arq instancias2/cp70.tiro 0
instancias/fancy/tirolibre1.arq instancias/fancy/tirolibre1.tiro 0
instancias/fancy/tirolibre1.arq instancias/fancy/tirolibre1.tiro 0
instancias/fancy/tirolibre1.arq instancias/fancy/tirolibre1.tiro 0
instancias/fancy/tirolibre1.arq instancias/fancy/tirolibre1.tiro 0
instancias/fancy/tirolibre1.arq instancias/fancy/tirolibre1.tiro 0
instancias/fancy/tirolibre1.arq instancias/fancy/tirolibre1.tiro 1
instancias/fancy/tirolibre1.arq instancias/fancy/tirolibre1.tiro 1
instancias/fancy/tirolibre1.arq instancias/fancy/tirolibre1.tiro 0
instancias/cuadraticas/c2.arq instancias/cuadraticas/c2.tiro 0
instancias/cuadraticas/c2.arq instancias/cuadraticas/c2.tiro 0
instancias/cuadraticas/c1.arq instancias/cuadraticas/c1.tiro 0
instancias/cuadraticas/c4.arq instancias/cuadraticas/c4.tiro 0
instancias/cuadraticas/c4.arq instancias/cuadraticas/c4.tiro 0
instancias/cuadraticas/c4.arq instancias/cuadraticas/c4.tiro 0
instancias/cuadraticas/c1.arq instancias/cuadraticas/c1.tiro 0
instancias/cuadraticas/c2.arq instancias/cuadraticas/c2.tiro 0
instancias/cuadraticas/c2.arq instancias/cuadraticas/c2.tiro 0
instancias/cuadraticas/c2.arq instancias/cuadraticas/c2.tiro 0
instancias/cuadraticas/c2.arq instancias/cuadraticas/c2.tiro 0
instancias/cuadraticas/c1.arq instancias/cuadraticas/c1.tiro 0
instancias/cuadraticas/c4.arq instancias/cuadraticas/c4.tiro 1
instancias/cuadraticas/c5.arq instancias/cuadraticas/c5.tiro 1
instancias/cubicas/cb1.arq instancias/cubicas/cb1.tiro 1
instancias/cubicas/cb2.arq instancias/cubicas/cb2.tiro 1
instancias/cubicas/cb5.arq instancias/cubicas/cb5.tiro 1
instancias2/cbp70.arq instancias2/cbp70.tiro 1
instancias2/cbp70.arq instancias2/cbp70.tiroruidoso 1
instancias2/cbp30.arq instancias2/cbp30.tiroruidoso 1
instancias/rectas/r1.arq instancias/rectas/r1.tiro 1
instancias/rectas/r2.arq instancias/rectas/r2.tiro 1
instancias/rectas/r3.arq instancias/rectas/r3.tiro 0
instancias/rectas/r4.arq instancias/rectas/r4.tiro 0
instancias/rectas/r5.arq instancias/rectas/r5.tiro 1
instancias/cubicas/cb1.arq instancias/cubicas/cb1.tiro 1
instancias/cubicas/cb2.arq instancias/cubicas/cb2.tiro 1
instancias/cubicas/cb3.arq instancias/cubicas/cb3.tiro 0
instancias/cubicas/cb4.arq instancias/cubicas/cb4.tiro 1
instancias/cubicas/cb5.arq instancias/cubicas/cb5.tiro 1
instancias/cuadraticas/c1.arq instancias/cuadraticas/c1.tiro 0
instancias/cuadraticas/c2.arq instancias/cuadraticas/c2.tiro 0
instancias/cuadraticas/c3.arq instancias/cuadraticas/c3.tiro 0
instancias/cuadraticas/c4.arq instancias/cuadraticas/c4.tiro 1
instancias/cuadraticas/c5.arq instancias/cuadraticas/c5.tiro 1
instancias/rectas/r1.arq instancias/rectas/r1.tiro 1
instancias/rectas/r2.arq instancias/rectas/r2.tiro 1
instancias/rectas/r3.arq instancias/rectas/r3.tiro 0
instancias/rectas/r4.arq instancias/rectas/r4.tiro 0
instancias/rectas/r5.arq instancias/rectas/r5.tiro 1
instancias/cubicas/cb1.arq instancias/cubicas/cb1.tiro 1
instancias/cubicas/cb2.arq instancias/cubicas/cb2.tiro 1
instancias/cubicas/cb3.arq instancias/cubicas/cb3.tiro 0
instancias/cubicas/cb4.arq instancias/cubicas/cb4.tiro 1
instancias/cubicas/cb5.arq instancias/cubicas/cb5.tiro 1
instancias/cuadraticas/c1.arq instancias/cuadraticas/c1.tiro 0
instancias/cuadraticas/c2.arq instancias/cuadraticas/c2.tiro 0
instancias/cuadraticas/c3.arq instancias/cuadraticas/c3.tiro 0
instancias/cuadraticas/c4.arq instancias/cuadraticas/c4.tiro 1
instancias/cuadraticas/c5.arq instancias/cuadraticas/c5.tiro 1
instancias2/cp30.arq instancias2/cp30.tiro 0
instancias2/cp30.arq instancias2/cp30.tiroruidoso 0
instancias2/cbp30.arq instancias2/cbp30.tiroruidoso 1
instancias2/cbp30.arq instancias2/cbp30.tiro 1
instancias2/cp70.arq instancias2/cp70.tiroruidoso 1
instancias2/cp70.arq instancias2/cp70.tiro 1
instancias2/fp70.arq instancias2/fp70.tiro 0
instancias2/fp70.arq instancias2/fp70.tiroruidoso 0
instancias2/fp30.arq instancias2/fp30.tiroruidoso 0
instancias2/rp70.arq instancias2/rp70.tiroruidoso 0
instancias2/cp30.arq instancias2/cp30.tiro 0
instancias2/rp70.arq instancias2/rp70.tiroruidoso 0
instancias2/cp30.arq instancias2/cp30.tiro 0
instancias2/fp30.arq instancias2/fp30.tiroruidoso 0
instancias2/cp70.arq instancias2/cp70.tiroruidoso 1
instancias2/rp70.arq instancias2/rp70.tiroruidoso 0
instancias2/fp70.arq instancias2/fp70.tiroruidoso 0
instancias2/cbp30.arq instancias2/cbp30.tiro 1
instancias2/cbp30.arq instancias2/cbp30.tiro 1
instancias2/fp70.arq instancias2/fp70.tiro 0
instancias/cuadraticas/c3.arq instancias/cuadraticas/c3.tiro 0
instancias2/f2p90.arq instancias2/f2p90.tiro 1
instancias_nuestras/i3.arq instancias_nuestras/i3.tiro 0
instancias_nuestras/i4.arq instancias_nuestras/i4.tiro 0
